Arguments: 
  D:\softwares1\NodeJS\node.exe D:\softwares1\Yarn\bin\yarn.js init

PATH: 
  C:\Program Files\AdoptOpenJDK\jdk-15.0.2.7-hotspot\bin;C:\Program Files\NVIDIA GPU Computing Toolkit\CUDA\v11.1\bin;C:\Program Files\NVIDIA GPU Computing Toolkit\CUDA\v11.1\libnvvp;C:\Program Files (x86)\Common Files\Oracle\Java\javapath;C:\Windows\system32;C:\Windows;C:\Windows\System32\Wbem;C:\Windows\System32\WindowsPowerShell\v1.0\;C:\Windows\System32\OpenSSH\;C:\Program Files (x86)\NVIDIA Corporation\PhysX\Common;C:\Program Files\Intel\WiFi\bin\;C:\Program Files\Common Files\Intel\WirelessCommon\;C:\WINDOWS\system32;C:\WINDOWS;C:\WINDOWS\System32\Wbem;C:\WINDOWS\System32\WindowsPowerShell\v1.0\;C:\WINDOWS\System32\OpenSSH\;D:\softwares1\Yarn\bin\;C:\Program Files (x86)\Java\jre1.8.0_261\bin\java.exe;C:\Users\saisr\AppData\Roaming\Microsoft\Windows\Start Menu\Programs\Python 3.6;D:\softwares1\NodeJS;D:\softwares1\MATLAB\runtime\win64;D:\softwares1\MATLAB\bin;C:\Program Files\NVIDIA Corporation\NVIDIA NvDLISR;C:\Program Files\NVIDIA Corporation\Nsight Compute 2020.2.0\;C:\Program Files\NVIDIA GPU Computing Toolkit\CUDA\v11.1\extras\CUPTI\lib64;C:\Program Files\NVIDIA GPU Computing Toolkit\CUDA\v11.1\include;D:\softwares1\Git\bin;D:\softwares1\Git\cmd;C:\Program Files (x86)\Intel\Intel(R) Management Engine Components\DAL;C:\Program Files\Intel\Intel(R) Management Engine Components\DAL;C:\Program Files\Graphviz\bin;C:\Program Files\dotnet\;C:\Users\saisr\AppData\Roaming\npm;C:\Users\saisr\AppData\Local\Programs\Python\Python39\Scripts\;C:\Users\saisr\AppData\Local\Programs\Python\Python39\;C:\Users\saisr\AppData\Local\Microsoft\WindowsApps;C:\Users\saisr\AppData\Local\Yarn\bin;C:\Users\saisr\AppData\Local\Programs\Microsoft VS Code\bin;D:\softwares1\NodeJS;C:\Program Files\Graphviz\bin;

Yarn version: 
  1.22.4

Node version: 
  12.18.2

Platform: 
  win32 x64

Trace: 
  Error: canceled
      at Interface.<anonymous> (D:\softwares1\Yarn\lib\cli.js:137008:13)
      at Interface.emit (events.js:315:20)
      at Interface._ttyWrite (readline.js:866:16)
      at ReadStream.onkeypress (readline.js:205:10)
      at ReadStream.emit (events.js:315:20)
      at emitKeys (internal/readline/utils.js:335:14)
      at emitKeys.next (<anonymous>)
      at ReadStream.onData (readline.js:1133:36)
      at ReadStream.emit (events.js:315:20)
      at addChunk (_stream_readable.js:295:12)

npm manifest: 
  No manifest

yarn manifest: 
  No manifest

Lockfile: 
  No lockfile
